2025-01-23 03:06:57 Loading main app package /tmp/.mount_ObsidiJf26hz/resources/obsidian.asar
2025-01-23 03:07:09 Loading main app package /tmp/.mount_Obsidi0zb5WB/resources/obsidian.asar
2025-01-23 03:07:10 Checking for update using Github
2025-01-23 03:07:10 Success.
2025-01-23 03:07:10 Latest version is 1.7.7
2025-01-23 03:07:10 App is up to date.
2025-01-23 03:08:24 Loading main app package /tmp/.mount_ObsidiWuU6rV/resources/obsidian.asar
2025-01-23 03:08:24 Checking for update using Github
2025-01-23 03:08:25 Success.
2025-01-23 03:08:25 Latest version is 1.7.7
2025-01-23 03:08:25 App is up to date.
2025-01-23 03:59:12 Loading main app package /tmp/.mount_ObsidicuSTli/resources/obsidian.asar
2025-01-23 03:59:13 Checking for update using Github
2025-01-23 03:59:13 Success.
2025-01-23 03:59:13 Latest version is 1.7.7
2025-01-23 03:59:13 App is up to date.
2025-01-23 03:59:28 Loading main app package /tmp/.mount_ObsidiPH0Z8A/resources/obsidian.asar
2025-01-23 03:59:29 Checking for update using Github
2025-01-23 03:59:29 Success.
2025-01-23 03:59:29 Latest version is 1.7.7
2025-01-23 03:59:29 App is up to date.
2025-01-23 04:19:01 Loading main app package /opt/Obsidian/resources/obsidian.asar
2025-01-23 04:19:56 Loading main app package /opt/Obsidian/resources/obsidian.asar
2025-01-23 04:19:56 Checking for update using Github
2025-01-23 04:19:56 Success.
2025-01-23 04:19:56 Latest version is 1.7.7
2025-01-23 04:19:56 App is up to date.
2025-02-26 12:00:00 Loading main app package /opt/Obsidian/resources/obsidian.asar
2025-02-26 12:00:11 Loading main app package /opt/Obsidian/resources/obsidian.asar
2025-02-26 12:00:11 Checking for update using Github
2025-02-26 12:00:11 Success.
2025-02-26 12:00:11 Latest version is 1.8.7
2025-02-26 12:00:11 Downloading update from https://github.com/obsidianmd/obsidian-releases/releases/download/v1.8.7/obsidian-1.8.7.asar.gz
2025-02-26 12:00:13 Verifying hash & signature. Size= 8128038
2025-02-26 12:00:13 Saving file
2025-02-26 12:00:13 Update complete.
